[debug] [2024-07-11T02:37:44.993Z] ----------------------------------------------------------------------
[debug] [2024-07-11T02:37:44.995Z] Command:       C:\Program Files\nodejs\node.exe C:\Users\Lara\AppData\Roaming\npm\node_modules\firebase-tools\lib\bin\firebase.js deploy --only functions
[debug] [2024-07-11T02:37:44.995Z] CLI Version:   13.13.1
[debug] [2024-07-11T02:37:44.995Z] Platform:      win32
[debug] [2024-07-11T02:37:44.995Z] Node Version:  v21.6.1
[debug] [2024-07-11T02:37:44.996Z] Time:          Wed Jul 10 2024 23:37:44 GMT-0300 (Brasilia Standard Time)
[debug] [2024-07-11T02:37:44.996Z] ----------------------------------------------------------------------
[debug] 
[debug] [2024-07-11T02:37:45.046Z] > command requires scopes: ["email","openid","https://www.googleapis.com/auth/cloudplatformprojects.readonly","https://www.googleapis.com/auth/firebase","https://www.googleapis.com/auth/cloud-platform"]
[debug] [2024-07-11T02:37:45.047Z] > authorizing via signed-in user (larabernspereira@gmail.com)
[debug] [2024-07-11T02:37:45.047Z] [iam] checking project ajudanatask for permissions ["cloudfunctions.functions.create","cloudfunctions.functions.delete","cloudfunctions.functions.get","cloudfunctions.functions.list","cloudfunctions.functions.update","cloudfunctions.operations.get","firebase.projects.get"]
[debug] [2024-07-11T02:37:45.048Z] >>> [apiv2][query] POST https://cloudresourcemanager.googleapis.com/v1/projects/ajudanatask:testIamPermissions [none]
[debug] [2024-07-11T02:37:45.048Z] >>> [apiv2][(partial)header] POST https://cloudresourcemanager.googleapis.com/v1/projects/ajudanatask:testIamPermissions x-goog-quota-user=projects/ajudanatask
[debug] [2024-07-11T02:37:45.048Z] >>> [apiv2][body] POST https://cloudresourcemanager.googleapis.com/v1/projects/ajudanatask:testIamPermissions {"permissions":["cloudfunctions.functions.create","cloudfunctions.functions.delete","cloudfunctions.functions.get","cloudfunctions.functions.list","cloudfunctions.functions.update","cloudfunctions.operations.get","firebase.projects.get"]}
[debug] [2024-07-11T02:37:45.996Z] <<< [apiv2][status] POST https://cloudresourcemanager.googleapis.com/v1/projects/ajudanatask:testIamPermissions 200
[debug] [2024-07-11T02:37:45.996Z] <<< [apiv2][body] POST https://cloudresourcemanager.googleapis.com/v1/projects/ajudanatask:testIamPermissions {"permissions":["cloudfunctions.functions.create","cloudfunctions.functions.delete","cloudfunctions.functions.get","cloudfunctions.functions.list","cloudfunctions.functions.update","cloudfunctions.operations.get","firebase.projects.get"]}
[debug] [2024-07-11T02:37:45.996Z] >>> [apiv2][query] POST https://iam.googleapis.com/v1/projects/ajudanatask/serviceAccounts/ajudanatask@appspot.gserviceaccount.com:testIamPermissions [none]
[debug] [2024-07-11T02:37:45.996Z] >>> [apiv2][body] POST https://iam.googleapis.com/v1/projects/ajudanatask/serviceAccounts/ajudanatask@appspot.gserviceaccount.com:testIamPermissions {"permissions":["iam.serviceAccounts.actAs"]}
[debug] [2024-07-11T02:37:46.967Z] <<< [apiv2][status] POST https://iam.googleapis.com/v1/projects/ajudanatask/serviceAccounts/ajudanatask@appspot.gserviceaccount.com:testIamPermissions 200
[debug] [2024-07-11T02:37:46.967Z] <<< [apiv2][body] POST https://iam.googleapis.com/v1/projects/ajudanatask/serviceAccounts/ajudanatask@appspot.gserviceaccount.com:testIamPermissions {"permissions":["iam.serviceAccounts.actAs"]}
[info] 
[info] === Deploying to 'ajudanatask'...
[info] 
[info] i  deploying functions 
[debug] [2024-07-11T02:37:46.970Z] >>> [apiv2][query] GET https://firebase.googleapis.com/v1beta1/projects/ajudanatask [none]
[debug] [2024-07-11T02:37:47.463Z] <<< [apiv2][status] GET https://firebase.googleapis.com/v1beta1/projects/ajudanatask 200
[debug] [2024-07-11T02:37:47.463Z] <<< [apiv2][body] GET https://firebase.googleapis.com/v1beta1/projects/ajudanatask {"projectId":"ajudanatask","projectNumber":"787373189488","displayName":"AjudaNaTask","name":"projects/ajudanatask","resources":{"hostingSite":"ajudanatask","realtimeDatabaseInstance":"ajudanatask-default-rtdb"},"state":"ACTIVE","etag":"1_eec57a53-f333-44d1-af7b-7f31ace138b6"}
[info] i  functions: preparing codebase default for deployment 
[info] i  functions: ensuring required API cloudfunctions.googleapis.com is enabled... 
[info] i  functions: ensuring required API cloudbuild.googleapis.com is enabled... 
[info] i  artifactregistry: ensuring required API artifactregistry.googleapis.com is enabled... 
[debug] [2024-07-11T02:37:47.465Z] >>> [apiv2][query] GET https://serviceusage.googleapis.com/v1/projects/ajudanatask/services/cloudfunctions.googleapis.com [none]
[debug] [2024-07-11T02:37:47.465Z] >>> [apiv2][(partial)header] GET https://serviceusage.googleapis.com/v1/projects/ajudanatask/services/cloudfunctions.googleapis.com x-goog-quota-user=projects/ajudanatask
[debug] [2024-07-11T02:37:47.466Z] >>> [apiv2][query] GET https://serviceusage.googleapis.com/v1/projects/ajudanatask/services/runtimeconfig.googleapis.com [none]
[debug] [2024-07-11T02:37:47.466Z] >>> [apiv2][(partial)header] GET https://serviceusage.googleapis.com/v1/projects/ajudanatask/services/runtimeconfig.googleapis.com x-goog-quota-user=projects/ajudanatask
[debug] [2024-07-11T02:37:47.467Z] >>> [apiv2][query] GET https://serviceusage.googleapis.com/v1/projects/ajudanatask/services/cloudbuild.googleapis.com [none]
[debug] [2024-07-11T02:37:47.467Z] >>> [apiv2][(partial)header] GET https://serviceusage.googleapis.com/v1/projects/ajudanatask/services/cloudbuild.googleapis.com x-goog-quota-user=projects/ajudanatask
[debug] [2024-07-11T02:37:47.468Z] >>> [apiv2][query] GET https://serviceusage.googleapis.com/v1/projects/ajudanatask/services/artifactregistry.googleapis.com [none]
[debug] [2024-07-11T02:37:47.468Z] >>> [apiv2][(partial)header] GET https://serviceusage.googleapis.com/v1/projects/ajudanatask/services/artifactregistry.googleapis.com x-goog-quota-user=projects/ajudanatask
[debug] [2024-07-11T02:37:48.692Z] <<< [apiv2][status] GET https://serviceusage.googleapis.com/v1/projects/ajudanatask/services/runtimeconfig.googleapis.com 200
[debug] [2024-07-11T02:37:48.692Z] <<< [apiv2][body] GET https://serviceusage.googleapis.com/v1/projects/ajudanatask/services/runtimeconfig.googleapis.com [omitted]
[debug] [2024-07-11T02:37:48.702Z] <<< [apiv2][status] GET https://serviceusage.googleapis.com/v1/projects/ajudanatask/services/cloudbuild.googleapis.com 200
[debug] [2024-07-11T02:37:48.702Z] <<< [apiv2][body] GET https://serviceusage.googleapis.com/v1/projects/ajudanatask/services/cloudbuild.googleapis.com [omitted]
[info] +  functions: required API cloudbuild.googleapis.com is enabled 
[debug] [2024-07-11T02:37:48.705Z] <<< [apiv2][status] GET https://serviceusage.googleapis.com/v1/projects/ajudanatask/services/artifactregistry.googleapis.com 200
[debug] [2024-07-11T02:37:48.705Z] <<< [apiv2][body] GET https://serviceusage.googleapis.com/v1/projects/ajudanatask/services/artifactregistry.googleapis.com [omitted]
[info] +  artifactregistry: required API artifactregistry.googleapis.com is enabled 
[debug] [2024-07-11T02:37:48.729Z] <<< [apiv2][status] GET https://serviceusage.googleapis.com/v1/projects/ajudanatask/services/cloudfunctions.googleapis.com 200
[debug] [2024-07-11T02:37:48.729Z] <<< [apiv2][body] GET https://serviceusage.googleapis.com/v1/projects/ajudanatask/services/cloudfunctions.googleapis.com [omitted]
[info] +  functions: required API cloudfunctions.googleapis.com is enabled 
[debug] [2024-07-11T02:37:48.730Z] >>> [apiv2][query] GET https://firebase.googleapis.com/v1beta1/projects/ajudanatask/adminSdkConfig [none]
[debug] [2024-07-11T02:37:49.071Z] <<< [apiv2][status] GET https://firebase.googleapis.com/v1beta1/projects/ajudanatask/adminSdkConfig 200
[debug] [2024-07-11T02:37:49.071Z] <<< [apiv2][body] GET https://firebase.googleapis.com/v1beta1/projects/ajudanatask/adminSdkConfig {"projectId":"ajudanatask","databaseURL":"https://ajudanatask-default-rtdb.firebaseio.com","storageBucket":"ajudanatask.appspot.com"}
[debug] [2024-07-11T02:37:49.071Z] >>> [apiv2][query] GET https://runtimeconfig.googleapis.com/v1beta1/projects/ajudanatask/configs [none]
[debug] [2024-07-11T02:37:50.264Z] <<< [apiv2][status] GET https://runtimeconfig.googleapis.com/v1beta1/projects/ajudanatask/configs 200
[debug] [2024-07-11T02:37:50.264Z] <<< [apiv2][body] GET https://runtimeconfig.googleapis.com/v1beta1/projects/ajudanatask/configs {}
[debug] [2024-07-11T02:37:50.265Z] Validating nodejs source
[debug] [2024-07-11T02:37:51.535Z] > [functions] package.json contents: {
  "name": "functions",
  "description": "Cloud Functions for Firebase",
  "scripts": {
    "serve": "firebase emulators:start --only functions",
    "shell": "firebase functions:shell",
    "start": "npm run shell",
    "deploy": "firebase deploy --only functions",
    "logs": "firebase functions:log"
  },
  "engines": {
    "node": "18"
  },
  "main": "index.js",
  "dependencies": {
    "firebase-admin": "^12.1.0",
    "firebase-functions": "^5.0.0"
  },
  "devDependencies": {
    "firebase-functions-test": "^3.1.0"
  },
  "private": true
}
[debug] [2024-07-11T02:37:51.536Z] Building nodejs source
[info] i  functions: Loading and analyzing source code for codebase default to determine what to deploy 
[debug] [2024-07-11T02:37:51.538Z] Could not find functions.yaml. Must use http discovery
[debug] [2024-07-11T02:37:51.544Z] Found firebase-functions binary at 'C:\Users\Lara\Desktop\TC-5\back-end\functions\node_modules\.bin\firebase-functions'
[info] Serving at port 8360

[debug] [2024-07-11T02:37:51.964Z] Got response from /__/functions.yaml {"endpoints":{"sendHttpPushNotification":{"platform":"gcfv1","availableMemoryMb":null,"timeoutSeconds":null,"minInstances":null,"maxInstances":null,"ingressSettings":null,"serviceAccountEmail":null,"vpc":null,"httpsTrigger":{},"entryPoint":"sendHttpPushNotification"},"sendListenerPushNotification":{"platform":"gcfv1","availableMemoryMb":null,"timeoutSeconds":null,"minInstances":null,"maxInstances":null,"ingressSettings":null,"serviceAccountEmail":null,"vpc":null,"eventTrigger":{"eventType":"providers/cloud.firestore/eventTypes/document.write","eventFilters":{"resource":"projects/ajudanatask/databases/(default)/documents/FCMTokens"},"retry":false},"labels":{},"entryPoint":"sendListenerPushNotification"}},"specVersion":"v1alpha1","requiredAPIs":[]}
[info] i  functions: preparing functions directory for uploading... 
[info] i  functions: packaged C:\Users\Lara\Desktop\TC-5\back-end\functions (61.79 KB) for uploading 
[debug] [2024-07-11T02:37:57.027Z] >>> [apiv2][query] GET https://cloudfunctions.googleapis.com/v1/projects/ajudanatask/locations/-/functions [none]
[debug] [2024-07-11T02:37:58.224Z] <<< [apiv2][status] GET https://cloudfunctions.googleapis.com/v1/projects/ajudanatask/locations/-/functions 200
[debug] [2024-07-11T02:37:58.224Z] <<< [apiv2][body] GET https://cloudfunctions.googleapis.com/v1/projects/ajudanatask/locations/-/functions {"functions":[{"name":"projects/ajudanatask/locations/us-central1/functions/sendListenerPushNotification","eventTrigger":{"eventType":"providers/google.firebase.database/eventTypes/ref.write","resource":"projects/_/instances/ajudanatask-default-rtdb/refs/sendMessage/{userId}","service":"firebaseio.com","failurePolicy":{}},"status":"ACTIVE","entryPoint":"sendListenerPushNotification","timeout":"60s","availableMemoryMb":256,"serviceAccountEmail":"ajudanatask@appspot.gserviceaccount.com","updateTime":"2024-07-11T01:09:16.957Z","versionId":"1","labels":{"firebase-functions-hash":"2355ec72936d14ace95cdab06b9de51bec9493af","deployment-tool":"cli-firebase"},"sourceUploadUrl":"https://storage.googleapis.com/uploads-602486154629.us-central1.cloudfunctions.appspot.com/782d4af2-5125-46d2-ae5c-7a29d7082d55.zip","environmentVariables":{"FIREBASE_CONFIG":"{\"projectId\":\"ajudanatask\",\"databaseURL\":\"https://ajudanatask-default-rtdb.firebaseio.com\",\"storageBucket\":\"ajudanatask.appspot.com\"}","GCLOUD_PROJECT":"ajudanatask","EVENTARC_CLOUD_EVENT_SOURCE":"projects/ajudanatask/locations/us-central1/functions/sendListenerPushNotification"},"runtime":"nodejs18","maxInstances":3000,"ingressSettings":"ALLOW_ALL","buildId":"80671f15-3e6f-49a7-a0fd-c91b7f8b910c","buildEnvironmentVariables":{"GOOGLE_NODE_RUN_SCRIPTS":""},"buildName":"projects/787373189488/locations/us-central1/builds/80671f15-3e6f-49a7-a0fd-c91b7f8b910c","dockerRegistry":"ARTIFACT_REGISTRY","automaticUpdatePolicy":{}},{"name":"projects/ajudanatask/locations/us-central1/functions/sendHttpPushNotification","httpsTrigger":{"url":"https://us-central1-ajudanatask.cloudfunctions.net/sendHttpPushNotification","securityLevel":"SECURE_ALWAYS"},"status":"ACTIVE","entryPoint":"sendHttpPushNotification","timeout":"60s","availableMemoryMb":256,"serviceAccountEmail":"ajudanatask@appspot.gserviceaccount.com","updateTime":"2024-07-11T02:30:32.917Z","versionId":"4","labels":{"deployment-tool":"cli-firebase","firebase-functions-hash":"172fb154bc00640921080038898c945929362bb3"},"sourceUploadUrl":"https://storage.googleapis.com/uploads-602486154629.us-central1.cloudfunctions.appspot.com/03c3e24a-90de-4301-9786-4c6ac56bf666.zip","environmentVariables":{"FIREBASE_CONFIG":"{\"projectId\":\"ajudanatask\",\"databaseURL\":\"https://ajudanatask-default-rtdb.firebaseio.com\",\"storageBucket\":\"ajudanatask.appspot.com\"}","GCLOUD_PROJECT":"ajudanatask","EVENTARC_CLOUD_EVENT_SOURCE":"projects/ajudanatask/locations/us-central1/functions/sendHttpPushNotification"},"runtime":"nodejs18","ingressSettings":"ALLOW_ALL","buildId":"55ab9a50-4dfa-4a75-8f30-97e2c6607e2f","buildEnvironmentVariables":{"GOOGLE_NODE_RUN_SCRIPTS":""},"buildName":"projects/787373189488/locations/us-central1/builds/55ab9a50-4dfa-4a75-8f30-97e2c6607e2f","dockerRegistry":"ARTIFACT_REGISTRY","automaticUpdatePolicy":{}}]}
[debug] [2024-07-11T02:37:58.225Z] >>> [apiv2][query] GET https://cloudfunctions.googleapis.com/v2/projects/ajudanatask/locations/-/functions filter=environment%3D%22GEN_2%22
[debug] [2024-07-11T02:37:59.603Z] <<< [apiv2][status] GET https://cloudfunctions.googleapis.com/v2/projects/ajudanatask/locations/-/functions 200
[debug] [2024-07-11T02:37:59.604Z] <<< [apiv2][body] GET https://cloudfunctions.googleapis.com/v2/projects/ajudanatask/locations/-/functions {}
[debug] [2024-07-11T02:37:59.606Z] >>> [apiv2][query] GET https://firebase.googleapis.com/v1beta1/projects/ajudanatask [none]
[debug] [2024-07-11T02:38:00.074Z] <<< [apiv2][status] GET https://firebase.googleapis.com/v1beta1/projects/ajudanatask 200
[debug] [2024-07-11T02:38:00.074Z] <<< [apiv2][body] GET https://firebase.googleapis.com/v1beta1/projects/ajudanatask {"projectId":"ajudanatask","projectNumber":"787373189488","displayName":"AjudaNaTask","name":"projects/ajudanatask","resources":{"hostingSite":"ajudanatask","realtimeDatabaseInstance":"ajudanatask-default-rtdb"},"state":"ACTIVE","etag":"1_eec57a53-f333-44d1-af7b-7f31ace138b6"}
[debug] [2024-07-11T02:38:00.075Z] >>> [apiv2][query] POST https://cloudfunctions.googleapis.com/v1/projects/ajudanatask/locations/us-central1/functions:generateUploadUrl [none]
[debug] [2024-07-11T02:38:00.075Z] >>> [apiv2][body] POST https://cloudfunctions.googleapis.com/v1/projects/ajudanatask/locations/us-central1/functions:generateUploadUrl {}
[debug] [2024-07-11T02:38:01.155Z] <<< [apiv2][status] POST https://cloudfunctions.googleapis.com/v1/projects/ajudanatask/locations/us-central1/functions:generateUploadUrl 200
[debug] [2024-07-11T02:38:01.155Z] <<< [apiv2][body] POST https://cloudfunctions.googleapis.com/v1/projects/ajudanatask/locations/us-central1/functions:generateUploadUrl {"uploadUrl":"https://storage.googleapis.com/uploads-602486154629.us-central1.cloudfunctions.appspot.com/bb04b69d-52e5-41e6-adf5-10ae28ae8c50.zip?GoogleAccessId=service-787373189488@gcf-admin-robot.iam.gserviceaccount.com&Expires=1720667281&Signature=nRzATzuonfzOy2xjaMUQLy9wVvKF5VFjXlLBnEd26yfKCF9AIlWP3jqYA3EplCabiYyhBdM4brM%2F0atWzAUsT94DgLL4OZNlAQuCs97UTlvYU9MkSuNWsPc2jnRklC9Y2WiBWTJ4fBC7196%2FwwhlXA6fl63oEk8OJWYCx4ia3rkygxPAl0sCDYMsEHbBOJoP%2BB0z0sELEpAkOem%2BGMAvfdytXz%2F%2BzKfQKJ8FoUvXf5K7D8SobCtClygGMnBWzY6X2t9hSQ9Uy7NRfbcKSpGpHColpVCWttNA0fyUexjvDHG4R8KimkWYg8uxdtJ%2BjvU%2B6F5W2xj9e2rB31G9AgaI5A%3D%3D"}
[debug] [2024-07-11T02:38:01.156Z] >>> [apiv2][query] PUT https://storage.googleapis.com/uploads-602486154629.us-central1.cloudfunctions.appspot.com/bb04b69d-52e5-41e6-adf5-10ae28ae8c50.zip GoogleAccessId=service-787373189488%40gcf-admin-robot.iam.gserviceaccount.com&Expires=1720667281&Signature=nRzATzuonfzOy2xjaMUQLy9wVvKF5VFjXlLBnEd26yfKCF9AIlWP3jqYA3EplCabiYyhBdM4brM%2F0atWzAUsT94DgLL4OZNlAQuCs97UTlvYU9MkSuNWsPc2jnRklC9Y2WiBWTJ4fBC7196%2FwwhlXA6fl63oEk8OJWYCx4ia3rkygxPAl0sCDYMsEHbBOJoP%2BB0z0sELEpAkOem%2BGMAvfdytXz%2F%2BzKfQKJ8FoUvXf5K7D8SobCtClygGMnBWzY6X2t9hSQ9Uy7NRfbcKSpGpHColpVCWttNA0fyUexjvDHG4R8KimkWYg8uxdtJ%2BjvU%2B6F5W2xj9e2rB31G9AgaI5A%3D%3D
[debug] [2024-07-11T02:38:01.156Z] >>> [apiv2][body] PUT https://storage.googleapis.com/uploads-602486154629.us-central1.cloudfunctions.appspot.com/bb04b69d-52e5-41e6-adf5-10ae28ae8c50.zip [stream]
[debug] [2024-07-11T02:38:02.269Z] <<< [apiv2][status] PUT https://storage.googleapis.com/uploads-602486154629.us-central1.cloudfunctions.appspot.com/bb04b69d-52e5-41e6-adf5-10ae28ae8c50.zip 200
[debug] [2024-07-11T02:38:02.269Z] <<< [apiv2][body] PUT https://storage.googleapis.com/uploads-602486154629.us-central1.cloudfunctions.appspot.com/bb04b69d-52e5-41e6-adf5-10ae28ae8c50.zip [omitted]
[info] +  functions: functions folder uploaded successfully 
[info] i  functions: updating Node.js 18 (1st Gen) function sendHttpPushNotification(us-central1)... 
[info] i  functions: updating Node.js 18 (1st Gen) function sendListenerPushNotification(us-central1)... 
[debug] [2024-07-11T02:38:02.273Z] >>> [apiv2][query] PATCH https://cloudfunctions.googleapis.com/v1/projects/ajudanatask/locations/us-central1/functions/sendHttpPushNotification updateMask=name%2CsourceUploadUrl%2CentryPoint%2Cruntime%2CdockerRegistry%2Clabels%2ChttpsTrigger.securityLevel%2CminInstances%2CmaxInstances%2CingressSettings%2CenvironmentVariables%2CserviceAccountEmail%2CavailableMemoryMb%2Ctimeout%2CvpcConnector%2CvpcConnectorEgressSettings%2CsourceToken%2CbuildEnvironmentVariables
[debug] [2024-07-11T02:38:02.273Z] >>> [apiv2][body] PATCH https://cloudfunctions.googleapis.com/v1/projects/ajudanatask/locations/us-central1/functions/sendHttpPushNotification {"name":"projects/ajudanatask/locations/us-central1/functions/sendHttpPushNotification","sourceUploadUrl":"https://storage.googleapis.com/uploads-602486154629.us-central1.cloudfunctions.appspot.com/bb04b69d-52e5-41e6-adf5-10ae28ae8c50.zip?GoogleAccessId=service-787373189488@gcf-admin-robot.iam.gserviceaccount.com&Expires=1720667281&Signature=nRzATzuonfzOy2xjaMUQLy9wVvKF5VFjXlLBnEd26yfKCF9AIlWP3jqYA3EplCabiYyhBdM4brM%2F0atWzAUsT94DgLL4OZNlAQuCs97UTlvYU9MkSuNWsPc2jnRklC9Y2WiBWTJ4fBC7196%2FwwhlXA6fl63oEk8OJWYCx4ia3rkygxPAl0sCDYMsEHbBOJoP%2BB0z0sELEpAkOem%2BGMAvfdytXz%2F%2BzKfQKJ8FoUvXf5K7D8SobCtClygGMnBWzY6X2t9hSQ9Uy7NRfbcKSpGpHColpVCWttNA0fyUexjvDHG4R8KimkWYg8uxdtJ%2BjvU%2B6F5W2xj9e2rB31G9AgaI5A%3D%3D","entryPoint":"sendHttpPushNotification","runtime":"nodejs18","dockerRegistry":"ARTIFACT_REGISTRY","labels":{"deployment-tool":"cli-firebase","firebase-functions-hash":"4277950e0c0f881de57e4cb9150add76a3c25c6d"},"httpsTrigger":{"securityLevel":"SECURE_ALWAYS"},"minInstances":null,"maxInstances":null,"ingressSettings":null,"environmentVariables":{"FIREBASE_CONFIG":"{\"projectId\":\"ajudanatask\",\"databaseURL\":\"https://ajudanatask-default-rtdb.firebaseio.com\",\"storageBucket\":\"ajudanatask.appspot.com\"}","GCLOUD_PROJECT":"ajudanatask","EVENTARC_CLOUD_EVENT_SOURCE":"projects/ajudanatask/locations/us-central1/functions/sendHttpPushNotification"},"serviceAccountEmail":null,"availableMemoryMb":null,"timeout":null,"vpcConnector":null,"vpcConnectorEgressSettings":null,"buildEnvironmentVariables":{"GOOGLE_NODE_RUN_SCRIPTS":""}}
[debug] [2024-07-11T02:38:03.180Z] <<< [apiv2][status] PATCH https://cloudfunctions.googleapis.com/v1/projects/ajudanatask/locations/us-central1/functions/sendHttpPushNotification 200
[debug] [2024-07-11T02:38:03.180Z] <<< [apiv2][body] PATCH https://cloudfunctions.googleapis.com/v1/projects/ajudanatask/locations/us-central1/functions/sendHttpPushNotification {"name":"operations/YWp1ZGFuYXRhc2svdXMtY2VudHJhbDEvc2VuZEh0dHBQdXNoTm90aWZpY2F0aW9uL3g0V2t3akFpMHBF","metadata":{"@type":"type.googleapis.com/google.cloud.functions.v1.OperationMetadataV1","target":"projects/ajudanatask/locations/us-central1/functions/sendHttpPushNotification","type":"UPDATE_FUNCTION","request":{"@type":"type.googleapis.com/google.cloud.functions.v1.CloudFunction","name":"projects/ajudanatask/locations/us-central1/functions/sendHttpPushNotification","httpsTrigger":{"url":"https://us-central1-ajudanatask.cloudfunctions.net/sendHttpPushNotification","securityLevel":"SECURE_ALWAYS"},"status":"ACTIVE","entryPoint":"sendHttpPushNotification","updateTime":"2024-07-11T02:30:32.917Z","versionId":"4","labels":{"deployment-tool":"cli-firebase","firebase-functions-hash":"4277950e0c0f881de57e4cb9150add76a3c25c6d"},"sourceUploadUrl":"https://storage.googleapis.com/uploads-602486154629.us-central1.cloudfunctions.appspot.com/bb04b69d-52e5-41e6-adf5-10ae28ae8c50.zip?GoogleAccessId=service-787373189488@gcf-admin-robot.iam.gserviceaccount.com&Expires=1720667281&Signature=nRzATzuonfzOy2xjaMUQLy9wVvKF5VFjXlLBnEd26yfKCF9AIlWP3jqYA3EplCabiYyhBdM4brM%2F0atWzAUsT94DgLL4OZNlAQuCs97UTlvYU9MkSuNWsPc2jnRklC9Y2WiBWTJ4fBC7196%2FwwhlXA6fl63oEk8OJWYCx4ia3rkygxPAl0sCDYMsEHbBOJoP%2BB0z0sELEpAkOem%2BGMAvfdytXz%2F%2BzKfQKJ8FoUvXf5K7D8SobCtClygGMnBWzY6X2t9hSQ9Uy7NRfbcKSpGpHColpVCWttNA0fyUexjvDHG4R8KimkWYg8uxdtJ%2BjvU%2B6F5W2xj9e2rB31G9AgaI5A%3D%3D","environmentVariables":{"FIREBASE_CONFIG":"{\"projectId\":\"ajudanatask\",\"databaseURL\":\"https://ajudanatask-default-rtdb.firebaseio.com\",\"storageBucket\":\"ajudanatask.appspot.com\"}","GCLOUD_PROJECT":"ajudanatask","EVENTARC_CLOUD_EVENT_SOURCE":"projects/ajudanatask/locations/us-central1/functions/sendHttpPushNotification"},"runtime":"nodejs18","buildId":"55ab9a50-4dfa-4a75-8f30-97e2c6607e2f","buildEnvironmentVariables":{"GOOGLE_NODE_RUN_SCRIPTS":""},"buildName":"projects/787373189488/locations/us-central1/builds/55ab9a50-4dfa-4a75-8f30-97e2c6607e2f","dockerRegistry":"ARTIFACT_REGISTRY","automaticUpdatePolicy":{}},"versionId":"5","updateTime":"2024-07-11T02:38:03Z"}}
[debug] [2024-07-11T02:38:03.181Z] >>> [apiv2][query] GET https://cloudfunctions.googleapis.com/v1/operations/YWp1ZGFuYXRhc2svdXMtY2VudHJhbDEvc2VuZEh0dHBQdXNoTm90aWZpY2F0aW9uL3g0V2t3akFpMHBF [none]
[debug] [2024-07-11T02:38:03.745Z] <<< [apiv2][status] GET https://cloudfunctions.googleapis.com/v1/operations/YWp1ZGFuYXRhc2svdXMtY2VudHJhbDEvc2VuZEh0dHBQdXNoTm90aWZpY2F0aW9uL3g0V2t3akFpMHBF 200
[debug] [2024-07-11T02:38:03.745Z] <<< [apiv2][body] GET https://cloudfunctions.googleapis.com/v1/operations/YWp1ZGFuYXRhc2svdXMtY2VudHJhbDEvc2VuZEh0dHBQdXNoTm90aWZpY2F0aW9uL3g0V2t3akFpMHBF {"name":"operations/YWp1ZGFuYXRhc2svdXMtY2VudHJhbDEvc2VuZEh0dHBQdXNoTm90aWZpY2F0aW9uL3g0V2t3akFpMHBF","metadata":{"@type":"type.googleapis.com/google.cloud.functions.v1.OperationMetadataV1","target":"projects/ajudanatask/locations/us-central1/functions/sendHttpPushNotification","type":"UPDATE_FUNCTION","request":{"@type":"type.googleapis.com/google.cloud.functions.v1.CloudFunction","name":"projects/ajudanatask/locations/us-central1/functions/sendHttpPushNotification","httpsTrigger":{"url":"https://us-central1-ajudanatask.cloudfunctions.net/sendHttpPushNotification","securityLevel":"SECURE_ALWAYS"},"status":"ACTIVE","entryPoint":"sendHttpPushNotification","updateTime":"2024-07-11T02:30:32.917Z","versionId":"4","labels":{"deployment-tool":"cli-firebase","firebase-functions-hash":"4277950e0c0f881de57e4cb9150add76a3c25c6d"},"sourceUploadUrl":"https://storage.googleapis.com/uploads-602486154629.us-central1.cloudfunctions.appspot.com/bb04b69d-52e5-41e6-adf5-10ae28ae8c50.zip?GoogleAccessId=service-787373189488@gcf-admin-robot.iam.gserviceaccount.com&Expires=1720667281&Signature=nRzATzuonfzOy2xjaMUQLy9wVvKF5VFjXlLBnEd26yfKCF9AIlWP3jqYA3EplCabiYyhBdM4brM%2F0atWzAUsT94DgLL4OZNlAQuCs97UTlvYU9MkSuNWsPc2jnRklC9Y2WiBWTJ4fBC7196%2FwwhlXA6fl63oEk8OJWYCx4ia3rkygxPAl0sCDYMsEHbBOJoP%2BB0z0sELEpAkOem%2BGMAvfdytXz%2F%2BzKfQKJ8FoUvXf5K7D8SobCtClygGMnBWzY6X2t9hSQ9Uy7NRfbcKSpGpHColpVCWttNA0fyUexjvDHG4R8KimkWYg8uxdtJ%2BjvU%2B6F5W2xj9e2rB31G9AgaI5A%3D%3D","environmentVariables":{"FIREBASE_CONFIG":"{\"projectId\":\"ajudanatask\",\"databaseURL\":\"https://ajudanatask-default-rtdb.firebaseio.com\",\"storageBucket\":\"ajudanatask.appspot.com\"}","GCLOUD_PROJECT":"ajudanatask","EVENTARC_CLOUD_EVENT_SOURCE":"projects/ajudanatask/locations/us-central1/functions/sendHttpPushNotification"},"runtime":"nodejs18","buildId":"55ab9a50-4dfa-4a75-8f30-97e2c6607e2f","buildEnvironmentVariables":{"GOOGLE_NODE_RUN_SCRIPTS":""},"buildName":"projects/787373189488/locations/us-central1/builds/55ab9a50-4dfa-4a75-8f30-97e2c6607e2f","dockerRegistry":"ARTIFACT_REGISTRY","automaticUpdatePolicy":{}},"versionId":"5","updateTime":"2024-07-11T02:38:03Z"}}
[debug] [2024-07-11T02:38:04.250Z] [update-default-us-central1-sendHttpPushNotification] Retrying task index 0
[debug] [2024-07-11T02:38:04.251Z] >>> [apiv2][query] GET https://cloudfunctions.googleapis.com/v1/operations/YWp1ZGFuYXRhc2svdXMtY2VudHJhbDEvc2VuZEh0dHBQdXNoTm90aWZpY2F0aW9uL3g0V2t3akFpMHBF [none]
[debug] [2024-07-11T02:38:04.857Z] <<< [apiv2][status] GET https://cloudfunctions.googleapis.com/v1/operations/YWp1ZGFuYXRhc2svdXMtY2VudHJhbDEvc2VuZEh0dHBQdXNoTm90aWZpY2F0aW9uL3g0V2t3akFpMHBF 200
[debug] [2024-07-11T02:38:04.857Z] <<< [apiv2][body] GET https://cloudfunctions.googleapis.com/v1/operations/YWp1ZGFuYXRhc2svdXMtY2VudHJhbDEvc2VuZEh0dHBQdXNoTm90aWZpY2F0aW9uL3g0V2t3akFpMHBF {"name":"operations/YWp1ZGFuYXRhc2svdXMtY2VudHJhbDEvc2VuZEh0dHBQdXNoTm90aWZpY2F0aW9uL3g0V2t3akFpMHBF","metadata":{"@type":"type.googleapis.com/google.cloud.functions.v1.OperationMetadataV1","target":"projects/ajudanatask/locations/us-central1/functions/sendHttpPushNotification","type":"UPDATE_FUNCTION","request":{"@type":"type.googleapis.com/google.cloud.functions.v1.CloudFunction","name":"projects/ajudanatask/locations/us-central1/functions/sendHttpPushNotification","httpsTrigger":{"url":"https://us-central1-ajudanatask.cloudfunctions.net/sendHttpPushNotification","securityLevel":"SECURE_ALWAYS"},"status":"ACTIVE","entryPoint":"sendHttpPushNotification","updateTime":"2024-07-11T02:30:32.917Z","versionId":"4","labels":{"deployment-tool":"cli-firebase","firebase-functions-hash":"4277950e0c0f881de57e4cb9150add76a3c25c6d"},"sourceUploadUrl":"https://storage.googleapis.com/uploads-602486154629.us-central1.cloudfunctions.appspot.com/bb04b69d-52e5-41e6-adf5-10ae28ae8c50.zip?GoogleAccessId=service-787373189488@gcf-admin-robot.iam.gserviceaccount.com&Expires=1720667281&Signature=nRzATzuonfzOy2xjaMUQLy9wVvKF5VFjXlLBnEd26yfKCF9AIlWP3jqYA3EplCabiYyhBdM4brM%2F0atWzAUsT94DgLL4OZNlAQuCs97UTlvYU9MkSuNWsPc2jnRklC9Y2WiBWTJ4fBC7196%2FwwhlXA6fl63oEk8OJWYCx4ia3rkygxPAl0sCDYMsEHbBOJoP%2BB0z0sELEpAkOem%2BGMAvfdytXz%2F%2BzKfQKJ8FoUvXf5K7D8SobCtClygGMnBWzY6X2t9hSQ9Uy7NRfbcKSpGpHColpVCWttNA0fyUexjvDHG4R8KimkWYg8uxdtJ%2BjvU%2B6F5W2xj9e2rB31G9AgaI5A%3D%3D","environmentVariables":{"FIREBASE_CONFIG":"{\"projectId\":\"ajudanatask\",\"databaseURL\":\"https://ajudanatask-default-rtdb.firebaseio.com\",\"storageBucket\":\"ajudanatask.appspot.com\"}","GCLOUD_PROJECT":"ajudanatask","EVENTARC_CLOUD_EVENT_SOURCE":"projects/ajudanatask/locations/us-central1/functions/sendHttpPushNotification"},"runtime":"nodejs18","buildId":"55ab9a50-4dfa-4a75-8f30-97e2c6607e2f","buildEnvironmentVariables":{"GOOGLE_NODE_RUN_SCRIPTS":""},"buildName":"projects/787373189488/locations/us-central1/builds/55ab9a50-4dfa-4a75-8f30-97e2c6607e2f","dockerRegistry":"ARTIFACT_REGISTRY","automaticUpdatePolicy":{}},"versionId":"5","updateTime":"2024-07-11T02:38:03Z","buildId":"ba5e0cc4-d122-4df8-b0d4-b31c39a003c4","buildName":"projects/787373189488/locations/us-central1/builds/ba5e0cc4-d122-4df8-b0d4-b31c39a003c4"}}
[debug] [2024-07-11T02:38:05.861Z] [update-default-us-central1-sendHttpPushNotification] Retrying task index 0
[debug] [2024-07-11T02:38:05.862Z] >>> [apiv2][query] GET https://cloudfunctions.googleapis.com/v1/operations/YWp1ZGFuYXRhc2svdXMtY2VudHJhbDEvc2VuZEh0dHBQdXNoTm90aWZpY2F0aW9uL3g0V2t3akFpMHBF [none]
[debug] [2024-07-11T02:38:06.410Z] <<< [apiv2][status] GET https://cloudfunctions.googleapis.com/v1/operations/YWp1ZGFuYXRhc2svdXMtY2VudHJhbDEvc2VuZEh0dHBQdXNoTm90aWZpY2F0aW9uL3g0V2t3akFpMHBF 200
[debug] [2024-07-11T02:38:06.410Z] <<< [apiv2][body] GET https://cloudfunctions.googleapis.com/v1/operations/YWp1ZGFuYXRhc2svdXMtY2VudHJhbDEvc2VuZEh0dHBQdXNoTm90aWZpY2F0aW9uL3g0V2t3akFpMHBF {"name":"operations/YWp1ZGFuYXRhc2svdXMtY2VudHJhbDEvc2VuZEh0dHBQdXNoTm90aWZpY2F0aW9uL3g0V2t3akFpMHBF","metadata":{"@type":"type.googleapis.com/google.cloud.functions.v1.OperationMetadataV1","target":"projects/ajudanatask/locations/us-central1/functions/sendHttpPushNotification","type":"UPDATE_FUNCTION","request":{"@type":"type.googleapis.com/google.cloud.functions.v1.CloudFunction","name":"projects/ajudanatask/locations/us-central1/functions/sendHttpPushNotification","httpsTrigger":{"url":"https://us-central1-ajudanatask.cloudfunctions.net/sendHttpPushNotification","securityLevel":"SECURE_ALWAYS"},"status":"ACTIVE","entryPoint":"sendHttpPushNotification","updateTime":"2024-07-11T02:30:32.917Z","versionId":"4","labels":{"deployment-tool":"cli-firebase","firebase-functions-hash":"4277950e0c0f881de57e4cb9150add76a3c25c6d"},"sourceUploadUrl":"https://storage.googleapis.com/uploads-602486154629.us-central1.cloudfunctions.appspot.com/bb04b69d-52e5-41e6-adf5-10ae28ae8c50.zip?GoogleAccessId=service-787373189488@gcf-admin-robot.iam.gserviceaccount.com&Expires=1720667281&Signature=nRzATzuonfzOy2xjaMUQLy9wVvKF5VFjXlLBnEd26yfKCF9AIlWP3jqYA3EplCabiYyhBdM4brM%2F0atWzAUsT94DgLL4OZNlAQuCs97UTlvYU9MkSuNWsPc2jnRklC9Y2WiBWTJ4fBC7196%2FwwhlXA6fl63oEk8OJWYCx4ia3rkygxPAl0sCDYMsEHbBOJoP%2BB0z0sELEpAkOem%2BGMAvfdytXz%2F%2BzKfQKJ8FoUvXf5K7D8SobCtClygGMnBWzY6X2t9hSQ9Uy7NRfbcKSpGpHColpVCWttNA0fyUexjvDHG4R8KimkWYg8uxdtJ%2BjvU%2B6F5W2xj9e2rB31G9AgaI5A%3D%3D","environmentVariables":{"FIREBASE_CONFIG":"{\"projectId\":\"ajudanatask\",\"databaseURL\":\"https://ajudanatask-default-rtdb.firebaseio.com\",\"storageBucket\":\"ajudanatask.appspot.com\"}","GCLOUD_PROJECT":"ajudanatask","EVENTARC_CLOUD_EVENT_SOURCE":"projects/ajudanatask/locations/us-central1/functions/sendHttpPushNotification"},"runtime":"nodejs18","buildId":"55ab9a50-4dfa-4a75-8f30-97e2c6607e2f","buildEnvironmentVariables":{"GOOGLE_NODE_RUN_SCRIPTS":""},"buildName":"projects/787373189488/locations/us-central1/builds/55ab9a50-4dfa-4a75-8f30-97e2c6607e2f","dockerRegistry":"ARTIFACT_REGISTRY","automaticUpdatePolicy":{}},"versionId":"5","updateTime":"2024-07-11T02:38:03Z","buildId":"ba5e0cc4-d122-4df8-b0d4-b31c39a003c4","buildName":"projects/787373189488/locations/us-central1/builds/ba5e0cc4-d122-4df8-b0d4-b31c39a003c4"}}
[debug] [2024-07-11T02:38:08.423Z] [update-default-us-central1-sendHttpPushNotification] Retrying task index 0
[debug] [2024-07-11T02:38:08.424Z] >>> [apiv2][query] GET https://cloudfunctions.googleapis.com/v1/operations/YWp1ZGFuYXRhc2svdXMtY2VudHJhbDEvc2VuZEh0dHBQdXNoTm90aWZpY2F0aW9uL3g0V2t3akFpMHBF [none]
[debug] [2024-07-11T02:38:09.037Z] <<< [apiv2][status] GET https://cloudfunctions.googleapis.com/v1/operations/YWp1ZGFuYXRhc2svdXMtY2VudHJhbDEvc2VuZEh0dHBQdXNoTm90aWZpY2F0aW9uL3g0V2t3akFpMHBF 200
[debug] [2024-07-11T02:38:09.037Z] <<< [apiv2][body] GET https://cloudfunctions.googleapis.com/v1/operations/YWp1ZGFuYXRhc2svdXMtY2VudHJhbDEvc2VuZEh0dHBQdXNoTm90aWZpY2F0aW9uL3g0V2t3akFpMHBF {"name":"operations/YWp1ZGFuYXRhc2svdXMtY2VudHJhbDEvc2VuZEh0dHBQdXNoTm90aWZpY2F0aW9uL3g0V2t3akFpMHBF","metadata":{"@type":"type.googleapis.com/google.cloud.functions.v1.OperationMetadataV1","target":"projects/ajudanatask/locations/us-central1/functions/sendHttpPushNotification","type":"UPDATE_FUNCTION","request":{"@type":"type.googleapis.com/google.cloud.functions.v1.CloudFunction","name":"projects/ajudanatask/locations/us-central1/functions/sendHttpPushNotification","httpsTrigger":{"url":"https://us-central1-ajudanatask.cloudfunctions.net/sendHttpPushNotification","securityLevel":"SECURE_ALWAYS"},"status":"ACTIVE","entryPoint":"sendHttpPushNotification","updateTime":"2024-07-11T02:30:32.917Z","versionId":"4","labels":{"deployment-tool":"cli-firebase","firebase-functions-hash":"4277950e0c0f881de57e4cb9150add76a3c25c6d"},"sourceUploadUrl":"https://storage.googleapis.com/uploads-602486154629.us-central1.cloudfunctions.appspot.com/bb04b69d-52e5-41e6-adf5-10ae28ae8c50.zip?GoogleAccessId=service-787373189488@gcf-admin-robot.iam.gserviceaccount.com&Expires=1720667281&Signature=nRzATzuonfzOy2xjaMUQLy9wVvKF5VFjXlLBnEd26yfKCF9AIlWP3jqYA3EplCabiYyhBdM4brM%2F0atWzAUsT94DgLL4OZNlAQuCs97UTlvYU9MkSuNWsPc2jnRklC9Y2WiBWTJ4fBC7196%2FwwhlXA6fl63oEk8OJWYCx4ia3rkygxPAl0sCDYMsEHbBOJoP%2BB0z0sELEpAkOem%2BGMAvfdytXz%2F%2BzKfQKJ8FoUvXf5K7D8SobCtClygGMnBWzY6X2t9hSQ9Uy7NRfbcKSpGpHColpVCWttNA0fyUexjvDHG4R8KimkWYg8uxdtJ%2BjvU%2B6F5W2xj9e2rB31G9AgaI5A%3D%3D","environmentVariables":{"FIREBASE_CONFIG":"{\"projectId\":\"ajudanatask\",\"databaseURL\":\"https://ajudanatask-default-rtdb.firebaseio.com\",\"storageBucket\":\"ajudanatask.appspot.com\"}","GCLOUD_PROJECT":"ajudanatask","EVENTARC_CLOUD_EVENT_SOURCE":"projects/ajudanatask/locations/us-central1/functions/sendHttpPushNotification"},"runtime":"nodejs18","buildId":"55ab9a50-4dfa-4a75-8f30-97e2c6607e2f","buildEnvironmentVariables":{"GOOGLE_NODE_RUN_SCRIPTS":""},"buildName":"projects/787373189488/locations/us-central1/builds/55ab9a50-4dfa-4a75-8f30-97e2c6607e2f","dockerRegistry":"ARTIFACT_REGISTRY","automaticUpdatePolicy":{}},"versionId":"5","updateTime":"2024-07-11T02:38:03Z","buildId":"ba5e0cc4-d122-4df8-b0d4-b31c39a003c4","buildName":"projects/787373189488/locations/us-central1/builds/ba5e0cc4-d122-4df8-b0d4-b31c39a003c4"}}
[debug] [2024-07-11T02:38:13.040Z] [update-default-us-central1-sendHttpPushNotification] Retrying task index 0
[debug] [2024-07-11T02:38:13.041Z] >>> [apiv2][query] GET https://cloudfunctions.googleapis.com/v1/operations/YWp1ZGFuYXRhc2svdXMtY2VudHJhbDEvc2VuZEh0dHBQdXNoTm90aWZpY2F0aW9uL3g0V2t3akFpMHBF [none]
[debug] [2024-07-11T02:38:13.599Z] <<< [apiv2][status] GET https://cloudfunctions.googleapis.com/v1/operations/YWp1ZGFuYXRhc2svdXMtY2VudHJhbDEvc2VuZEh0dHBQdXNoTm90aWZpY2F0aW9uL3g0V2t3akFpMHBF 200
[debug] [2024-07-11T02:38:13.599Z] <<< [apiv2][body] GET https://cloudfunctions.googleapis.com/v1/operations/YWp1ZGFuYXRhc2svdXMtY2VudHJhbDEvc2VuZEh0dHBQdXNoTm90aWZpY2F0aW9uL3g0V2t3akFpMHBF {"name":"operations/YWp1ZGFuYXRhc2svdXMtY2VudHJhbDEvc2VuZEh0dHBQdXNoTm90aWZpY2F0aW9uL3g0V2t3akFpMHBF","metadata":{"@type":"type.googleapis.com/google.cloud.functions.v1.OperationMetadataV1","target":"projects/ajudanatask/locations/us-central1/functions/sendHttpPushNotification","type":"UPDATE_FUNCTION","request":{"@type":"type.googleapis.com/google.cloud.functions.v1.CloudFunction","name":"projects/ajudanatask/locations/us-central1/functions/sendHttpPushNotification","httpsTrigger":{"url":"https://us-central1-ajudanatask.cloudfunctions.net/sendHttpPushNotification","securityLevel":"SECURE_ALWAYS"},"status":"ACTIVE","entryPoint":"sendHttpPushNotification","updateTime":"2024-07-11T02:30:32.917Z","versionId":"4","labels":{"deployment-tool":"cli-firebase","firebase-functions-hash":"4277950e0c0f881de57e4cb9150add76a3c25c6d"},"sourceUploadUrl":"https://storage.googleapis.com/uploads-602486154629.us-central1.cloudfunctions.appspot.com/bb04b69d-52e5-41e6-adf5-10ae28ae8c50.zip?GoogleAccessId=service-787373189488@gcf-admin-robot.iam.gserviceaccount.com&Expires=1720667281&Signature=nRzATzuonfzOy2xjaMUQLy9wVvKF5VFjXlLBnEd26yfKCF9AIlWP3jqYA3EplCabiYyhBdM4brM%2F0atWzAUsT94DgLL4OZNlAQuCs97UTlvYU9MkSuNWsPc2jnRklC9Y2WiBWTJ4fBC7196%2FwwhlXA6fl63oEk8OJWYCx4ia3rkygxPAl0sCDYMsEHbBOJoP%2BB0z0sELEpAkOem%2BGMAvfdytXz%2F%2BzKfQKJ8FoUvXf5K7D8SobCtClygGMnBWzY6X2t9hSQ9Uy7NRfbcKSpGpHColpVCWttNA0fyUexjvDHG4R8KimkWYg8uxdtJ%2BjvU%2B6F5W2xj9e2rB31G9AgaI5A%3D%3D","environmentVariables":{"FIREBASE_CONFIG":"{\"projectId\":\"ajudanatask\",\"databaseURL\":\"https://ajudanatask-default-rtdb.firebaseio.com\",\"storageBucket\":\"ajudanatask.appspot.com\"}","GCLOUD_PROJECT":"ajudanatask","EVENTARC_CLOUD_EVENT_SOURCE":"projects/ajudanatask/locations/us-central1/functions/sendHttpPushNotification"},"runtime":"nodejs18","buildId":"55ab9a50-4dfa-4a75-8f30-97e2c6607e2f","buildEnvironmentVariables":{"GOOGLE_NODE_RUN_SCRIPTS":""},"buildName":"projects/787373189488/locations/us-central1/builds/55ab9a50-4dfa-4a75-8f30-97e2c6607e2f","dockerRegistry":"ARTIFACT_REGISTRY","automaticUpdatePolicy":{}},"versionId":"5","updateTime":"2024-07-11T02:38:03Z","buildId":"ba5e0cc4-d122-4df8-b0d4-b31c39a003c4","buildName":"projects/787373189488/locations/us-central1/builds/ba5e0cc4-d122-4df8-b0d4-b31c39a003c4"}}
[debug] [2024-07-11T02:38:21.607Z] [update-default-us-central1-sendHttpPushNotification] Retrying task index 0
[debug] [2024-07-11T02:38:21.607Z] >>> [apiv2][query] GET https://cloudfunctions.googleapis.com/v1/operations/YWp1ZGFuYXRhc2svdXMtY2VudHJhbDEvc2VuZEh0dHBQdXNoTm90aWZpY2F0aW9uL3g0V2t3akFpMHBF [none]
[debug] [2024-07-11T02:38:22.282Z] <<< [apiv2][status] GET https://cloudfunctions.googleapis.com/v1/operations/YWp1ZGFuYXRhc2svdXMtY2VudHJhbDEvc2VuZEh0dHBQdXNoTm90aWZpY2F0aW9uL3g0V2t3akFpMHBF 200
[debug] [2024-07-11T02:38:22.282Z] <<< [apiv2][body] GET https://cloudfunctions.googleapis.com/v1/operations/YWp1ZGFuYXRhc2svdXMtY2VudHJhbDEvc2VuZEh0dHBQdXNoTm90aWZpY2F0aW9uL3g0V2t3akFpMHBF {"name":"operations/YWp1ZGFuYXRhc2svdXMtY2VudHJhbDEvc2VuZEh0dHBQdXNoTm90aWZpY2F0aW9uL3g0V2t3akFpMHBF","metadata":{"@type":"type.googleapis.com/google.cloud.functions.v1.OperationMetadataV1","target":"projects/ajudanatask/locations/us-central1/functions/sendHttpPushNotification","type":"UPDATE_FUNCTION","request":{"@type":"type.googleapis.com/google.cloud.functions.v1.CloudFunction","name":"projects/ajudanatask/locations/us-central1/functions/sendHttpPushNotification","httpsTrigger":{"url":"https://us-central1-ajudanatask.cloudfunctions.net/sendHttpPushNotification","securityLevel":"SECURE_ALWAYS"},"status":"ACTIVE","entryPoint":"sendHttpPushNotification","updateTime":"2024-07-11T02:30:32.917Z","versionId":"4","labels":{"deployment-tool":"cli-firebase","firebase-functions-hash":"4277950e0c0f881de57e4cb9150add76a3c25c6d"},"sourceUploadUrl":"https://storage.googleapis.com/uploads-602486154629.us-central1.cloudfunctions.appspot.com/bb04b69d-52e5-41e6-adf5-10ae28ae8c50.zip?GoogleAccessId=service-787373189488@gcf-admin-robot.iam.gserviceaccount.com&Expires=1720667281&Signature=nRzATzuonfzOy2xjaMUQLy9wVvKF5VFjXlLBnEd26yfKCF9AIlWP3jqYA3EplCabiYyhBdM4brM%2F0atWzAUsT94DgLL4OZNlAQuCs97UTlvYU9MkSuNWsPc2jnRklC9Y2WiBWTJ4fBC7196%2FwwhlXA6fl63oEk8OJWYCx4ia3rkygxPAl0sCDYMsEHbBOJoP%2BB0z0sELEpAkOem%2BGMAvfdytXz%2F%2BzKfQKJ8FoUvXf5K7D8SobCtClygGMnBWzY6X2t9hSQ9Uy7NRfbcKSpGpHColpVCWttNA0fyUexjvDHG4R8KimkWYg8uxdtJ%2BjvU%2B6F5W2xj9e2rB31G9AgaI5A%3D%3D","environmentVariables":{"FIREBASE_CONFIG":"{\"projectId\":\"ajudanatask\",\"databaseURL\":\"https://ajudanatask-default-rtdb.firebaseio.com\",\"storageBucket\":\"ajudanatask.appspot.com\"}","GCLOUD_PROJECT":"ajudanatask","EVENTARC_CLOUD_EVENT_SOURCE":"projects/ajudanatask/locations/us-central1/functions/sendHttpPushNotification"},"runtime":"nodejs18","buildId":"55ab9a50-4dfa-4a75-8f30-97e2c6607e2f","buildEnvironmentVariables":{"GOOGLE_NODE_RUN_SCRIPTS":""},"buildName":"projects/787373189488/locations/us-central1/builds/55ab9a50-4dfa-4a75-8f30-97e2c6607e2f","dockerRegistry":"ARTIFACT_REGISTRY","automaticUpdatePolicy":{}},"versionId":"5","updateTime":"2024-07-11T02:38:03Z","buildId":"ba5e0cc4-d122-4df8-b0d4-b31c39a003c4","buildName":"projects/787373189488/locations/us-central1/builds/ba5e0cc4-d122-4df8-b0d4-b31c39a003c4"}}
[debug] [2024-07-11T02:38:32.296Z] [update-default-us-central1-sendHttpPushNotification] Retrying task index 0
[debug] [2024-07-11T02:38:32.297Z] >>> [apiv2][query] GET https://cloudfunctions.googleapis.com/v1/operations/YWp1ZGFuYXRhc2svdXMtY2VudHJhbDEvc2VuZEh0dHBQdXNoTm90aWZpY2F0aW9uL3g0V2t3akFpMHBF [none]
[debug] [2024-07-11T02:38:32.980Z] <<< [apiv2][status] GET https://cloudfunctions.googleapis.com/v1/operations/YWp1ZGFuYXRhc2svdXMtY2VudHJhbDEvc2VuZEh0dHBQdXNoTm90aWZpY2F0aW9uL3g0V2t3akFpMHBF 200
[debug] [2024-07-11T02:38:32.980Z] <<< [apiv2][body] GET https://cloudfunctions.googleapis.com/v1/operations/YWp1ZGFuYXRhc2svdXMtY2VudHJhbDEvc2VuZEh0dHBQdXNoTm90aWZpY2F0aW9uL3g0V2t3akFpMHBF {"name":"operations/YWp1ZGFuYXRhc2svdXMtY2VudHJhbDEvc2VuZEh0dHBQdXNoTm90aWZpY2F0aW9uL3g0V2t3akFpMHBF","metadata":{"@type":"type.googleapis.com/google.cloud.functions.v1.OperationMetadataV1","target":"projects/ajudanatask/locations/us-central1/functions/sendHttpPushNotification","type":"UPDATE_FUNCTION","request":{"@type":"type.googleapis.com/google.cloud.functions.v1.CloudFunction","name":"projects/ajudanatask/locations/us-central1/functions/sendHttpPushNotification","httpsTrigger":{"url":"https://us-central1-ajudanatask.cloudfunctions.net/sendHttpPushNotification","securityLevel":"SECURE_ALWAYS"},"status":"ACTIVE","entryPoint":"sendHttpPushNotification","updateTime":"2024-07-11T02:30:32.917Z","versionId":"4","labels":{"deployment-tool":"cli-firebase","firebase-functions-hash":"4277950e0c0f881de57e4cb9150add76a3c25c6d"},"sourceUploadUrl":"https://storage.googleapis.com/uploads-602486154629.us-central1.cloudfunctions.appspot.com/bb04b69d-52e5-41e6-adf5-10ae28ae8c50.zip?GoogleAccessId=service-787373189488@gcf-admin-robot.iam.gserviceaccount.com&Expires=1720667281&Signature=nRzATzuonfzOy2xjaMUQLy9wVvKF5VFjXlLBnEd26yfKCF9AIlWP3jqYA3EplCabiYyhBdM4brM%2F0atWzAUsT94DgLL4OZNlAQuCs97UTlvYU9MkSuNWsPc2jnRklC9Y2WiBWTJ4fBC7196%2FwwhlXA6fl63oEk8OJWYCx4ia3rkygxPAl0sCDYMsEHbBOJoP%2BB0z0sELEpAkOem%2BGMAvfdytXz%2F%2BzKfQKJ8FoUvXf5K7D8SobCtClygGMnBWzY6X2t9hSQ9Uy7NRfbcKSpGpHColpVCWttNA0fyUexjvDHG4R8KimkWYg8uxdtJ%2BjvU%2B6F5W2xj9e2rB31G9AgaI5A%3D%3D","environmentVariables":{"FIREBASE_CONFIG":"{\"projectId\":\"ajudanatask\",\"databaseURL\":\"https://ajudanatask-default-rtdb.firebaseio.com\",\"storageBucket\":\"ajudanatask.appspot.com\"}","GCLOUD_PROJECT":"ajudanatask","EVENTARC_CLOUD_EVENT_SOURCE":"projects/ajudanatask/locations/us-central1/functions/sendHttpPushNotification"},"runtime":"nodejs18","buildId":"55ab9a50-4dfa-4a75-8f30-97e2c6607e2f","buildEnvironmentVariables":{"GOOGLE_NODE_RUN_SCRIPTS":""},"buildName":"projects/787373189488/locations/us-central1/builds/55ab9a50-4dfa-4a75-8f30-97e2c6607e2f","dockerRegistry":"ARTIFACT_REGISTRY","automaticUpdatePolicy":{}},"versionId":"5","updateTime":"2024-07-11T02:38:03Z","buildId":"ba5e0cc4-d122-4df8-b0d4-b31c39a003c4","buildName":"projects/787373189488/locations/us-central1/builds/ba5e0cc4-d122-4df8-b0d4-b31c39a003c4"}}
[debug] [2024-07-11T02:38:42.982Z] [update-default-us-central1-sendHttpPushNotification] Retrying task index 0
[debug] [2024-07-11T02:38:42.982Z] >>> [apiv2][query] GET https://cloudfunctions.googleapis.com/v1/operations/YWp1ZGFuYXRhc2svdXMtY2VudHJhbDEvc2VuZEh0dHBQdXNoTm90aWZpY2F0aW9uL3g0V2t3akFpMHBF [none]
[debug] [2024-07-11T02:38:43.691Z] <<< [apiv2][status] GET https://cloudfunctions.googleapis.com/v1/operations/YWp1ZGFuYXRhc2svdXMtY2VudHJhbDEvc2VuZEh0dHBQdXNoTm90aWZpY2F0aW9uL3g0V2t3akFpMHBF 200
[debug] [2024-07-11T02:38:43.692Z] <<< [apiv2][body] GET https://cloudfunctions.googleapis.com/v1/operations/YWp1ZGFuYXRhc2svdXMtY2VudHJhbDEvc2VuZEh0dHBQdXNoTm90aWZpY2F0aW9uL3g0V2t3akFpMHBF {"name":"operations/YWp1ZGFuYXRhc2svdXMtY2VudHJhbDEvc2VuZEh0dHBQdXNoTm90aWZpY2F0aW9uL3g0V2t3akFpMHBF","metadata":{"@type":"type.googleapis.com/google.cloud.functions.v1.OperationMetadataV1","target":"projects/ajudanatask/locations/us-central1/functions/sendHttpPushNotification","type":"UPDATE_FUNCTION","request":{"@type":"type.googleapis.com/google.cloud.functions.v1.CloudFunction","name":"projects/ajudanatask/locations/us-central1/functions/sendHttpPushNotification","httpsTrigger":{"url":"https://us-central1-ajudanatask.cloudfunctions.net/sendHttpPushNotification","securityLevel":"SECURE_ALWAYS"},"status":"ACTIVE","entryPoint":"sendHttpPushNotification","updateTime":"2024-07-11T02:30:32.917Z","versionId":"4","labels":{"deployment-tool":"cli-firebase","firebase-functions-hash":"4277950e0c0f881de57e4cb9150add76a3c25c6d"},"sourceUploadUrl":"https://storage.googleapis.com/uploads-602486154629.us-central1.cloudfunctions.appspot.com/bb04b69d-52e5-41e6-adf5-10ae28ae8c50.zip?GoogleAccessId=service-787373189488@gcf-admin-robot.iam.gserviceaccount.com&Expires=1720667281&Signature=nRzATzuonfzOy2xjaMUQLy9wVvKF5VFjXlLBnEd26yfKCF9AIlWP3jqYA3EplCabiYyhBdM4brM%2F0atWzAUsT94DgLL4OZNlAQuCs97UTlvYU9MkSuNWsPc2jnRklC9Y2WiBWTJ4fBC7196%2FwwhlXA6fl63oEk8OJWYCx4ia3rkygxPAl0sCDYMsEHbBOJoP%2BB0z0sELEpAkOem%2BGMAvfdytXz%2F%2BzKfQKJ8FoUvXf5K7D8SobCtClygGMnBWzY6X2t9hSQ9Uy7NRfbcKSpGpHColpVCWttNA0fyUexjvDHG4R8KimkWYg8uxdtJ%2BjvU%2B6F5W2xj9e2rB31G9AgaI5A%3D%3D","environmentVariables":{"FIREBASE_CONFIG":"{\"projectId\":\"ajudanatask\",\"databaseURL\":\"https://ajudanatask-default-rtdb.firebaseio.com\",\"storageBucket\":\"ajudanatask.appspot.com\"}","GCLOUD_PROJECT":"ajudanatask","EVENTARC_CLOUD_EVENT_SOURCE":"projects/ajudanatask/locations/us-central1/functions/sendHttpPushNotification"},"runtime":"nodejs18","buildId":"55ab9a50-4dfa-4a75-8f30-97e2c6607e2f","buildEnvironmentVariables":{"GOOGLE_NODE_RUN_SCRIPTS":""},"buildName":"projects/787373189488/locations/us-central1/builds/55ab9a50-4dfa-4a75-8f30-97e2c6607e2f","dockerRegistry":"ARTIFACT_REGISTRY","automaticUpdatePolicy":{}},"versionId":"5","updateTime":"2024-07-11T02:38:03Z","buildId":"ba5e0cc4-d122-4df8-b0d4-b31c39a003c4","sourceToken":"b7d2d6d7-9a39-458d-8ddf-9c95d2b24613","buildName":"projects/787373189488/locations/us-central1/builds/ba5e0cc4-d122-4df8-b0d4-b31c39a003c4"}}
[debug] [2024-07-11T02:38:43.692Z] Got source token b7d2d6d7-9a39-458d-8ddf-9c95d2b24613 for region us-central1
[debug] [2024-07-11T02:38:43.692Z] >>> [apiv2][query] PATCH https://cloudfunctions.googleapis.com/v1/projects/ajudanatask/locations/us-central1/functions/sendListenerPushNotification updateMask=name%2CsourceUploadUrl%2CentryPoint%2Cruntime%2CdockerRegistry%2Clabels%2CeventTrigger.eventType%2CeventTrigger.resource%2CeventTrigger.failurePolicy%2CminInstances%2CmaxInstances%2CingressSettings%2CenvironmentVariables%2CserviceAccountEmail%2CavailableMemoryMb%2Ctimeout%2CvpcConnector%2CvpcConnectorEgressSettings%2CsourceToken%2CbuildEnvironmentVariables
[debug] [2024-07-11T02:38:43.692Z] >>> [apiv2][body] PATCH https://cloudfunctions.googleapis.com/v1/projects/ajudanatask/locations/us-central1/functions/sendListenerPushNotification {"name":"projects/ajudanatask/locations/us-central1/functions/sendListenerPushNotification","sourceUploadUrl":"https://storage.googleapis.com/uploads-602486154629.us-central1.cloudfunctions.appspot.com/bb04b69d-52e5-41e6-adf5-10ae28ae8c50.zip?GoogleAccessId=service-787373189488@gcf-admin-robot.iam.gserviceaccount.com&Expires=1720667281&Signature=nRzATzuonfzOy2xjaMUQLy9wVvKF5VFjXlLBnEd26yfKCF9AIlWP3jqYA3EplCabiYyhBdM4brM%2F0atWzAUsT94DgLL4OZNlAQuCs97UTlvYU9MkSuNWsPc2jnRklC9Y2WiBWTJ4fBC7196%2FwwhlXA6fl63oEk8OJWYCx4ia3rkygxPAl0sCDYMsEHbBOJoP%2BB0z0sELEpAkOem%2BGMAvfdytXz%2F%2BzKfQKJ8FoUvXf5K7D8SobCtClygGMnBWzY6X2t9hSQ9Uy7NRfbcKSpGpHColpVCWttNA0fyUexjvDHG4R8KimkWYg8uxdtJ%2BjvU%2B6F5W2xj9e2rB31G9AgaI5A%3D%3D","entryPoint":"sendListenerPushNotification","runtime":"nodejs18","dockerRegistry":"ARTIFACT_REGISTRY","labels":{"deployment-tool":"cli-firebase","firebase-functions-hash":"4277950e0c0f881de57e4cb9150add76a3c25c6d"},"eventTrigger":{"eventType":"providers/cloud.firestore/eventTypes/document.write","resource":"projects/ajudanatask/databases/(default)/documents/FCMTokens"},"minInstances":null,"maxInstances":null,"ingressSettings":null,"environmentVariables":{"FIREBASE_CONFIG":"{\"projectId\":\"ajudanatask\",\"databaseURL\":\"https://ajudanatask-default-rtdb.firebaseio.com\",\"storageBucket\":\"ajudanatask.appspot.com\"}","GCLOUD_PROJECT":"ajudanatask","EVENTARC_CLOUD_EVENT_SOURCE":"projects/ajudanatask/locations/us-central1/functions/sendListenerPushNotification"},"serviceAccountEmail":null,"availableMemoryMb":null,"timeout":null,"vpcConnector":null,"vpcConnectorEgressSettings":null,"sourceToken":"b7d2d6d7-9a39-458d-8ddf-9c95d2b24613","buildEnvironmentVariables":{"GOOGLE_NODE_RUN_SCRIPTS":""}}
[debug] [2024-07-11T02:38:44.314Z] <<< [apiv2][status] PATCH https://cloudfunctions.googleapis.com/v1/projects/ajudanatask/locations/us-central1/functions/sendListenerPushNotification 400
[debug] [2024-07-11T02:38:44.314Z] <<< [apiv2][body] PATCH https://cloudfunctions.googleapis.com/v1/projects/ajudanatask/locations/us-central1/functions/sendListenerPushNotification {"error":{"code":400,"message":"event_trigger: Expected value FCMTokens to match regular expression [^/]+/[^/]+(/[^/]+/[^/]+)*","status":"INVALID_ARGUMENT","details":[{"@type":"type.googleapis.com/google.rpc.BadRequest","fieldViolations":[{"field":"event_trigger","description":"Expected value FCMTokens to match regular expression [^/]+/[^/]+(/[^/]+/[^/]+)*"}]}]}}
[warn] !  functions: failed to update function projects/ajudanatask/locations/us-central1/functions/sendListenerPushNotification 
[error] Failed to update function projects/ajudanatask/locations/us-central1/functions/sendListenerPushNotification
[debug] [2024-07-11T02:38:53.694Z] [update-default-us-central1-sendHttpPushNotification] Retrying task index 0
[debug] [2024-07-11T02:38:53.694Z] >>> [apiv2][query] GET https://cloudfunctions.googleapis.com/v1/operations/YWp1ZGFuYXRhc2svdXMtY2VudHJhbDEvc2VuZEh0dHBQdXNoTm90aWZpY2F0aW9uL3g0V2t3akFpMHBF [none]
[debug] [2024-07-11T02:38:54.394Z] <<< [apiv2][status] GET https://cloudfunctions.googleapis.com/v1/operations/YWp1ZGFuYXRhc2svdXMtY2VudHJhbDEvc2VuZEh0dHBQdXNoTm90aWZpY2F0aW9uL3g0V2t3akFpMHBF 200
[debug] [2024-07-11T02:38:54.394Z] <<< [apiv2][body] GET https://cloudfunctions.googleapis.com/v1/operations/YWp1ZGFuYXRhc2svdXMtY2VudHJhbDEvc2VuZEh0dHBQdXNoTm90aWZpY2F0aW9uL3g0V2t3akFpMHBF {"name":"operations/YWp1ZGFuYXRhc2svdXMtY2VudHJhbDEvc2VuZEh0dHBQdXNoTm90aWZpY2F0aW9uL3g0V2t3akFpMHBF","metadata":{"@type":"type.googleapis.com/google.cloud.functions.v1.OperationMetadataV1","target":"projects/ajudanatask/locations/us-central1/functions/sendHttpPushNotification","type":"UPDATE_FUNCTION","request":{"@type":"type.googleapis.com/google.cloud.functions.v1.CloudFunction","name":"projects/ajudanatask/locations/us-central1/functions/sendHttpPushNotification","httpsTrigger":{"url":"https://us-central1-ajudanatask.cloudfunctions.net/sendHttpPushNotification","securityLevel":"SECURE_ALWAYS"},"status":"ACTIVE","entryPoint":"sendHttpPushNotification","updateTime":"2024-07-11T02:30:32.917Z","versionId":"4","labels":{"deployment-tool":"cli-firebase","firebase-functions-hash":"4277950e0c0f881de57e4cb9150add76a3c25c6d"},"sourceUploadUrl":"https://storage.googleapis.com/uploads-602486154629.us-central1.cloudfunctions.appspot.com/bb04b69d-52e5-41e6-adf5-10ae28ae8c50.zip?GoogleAccessId=service-787373189488@gcf-admin-robot.iam.gserviceaccount.com&Expires=1720667281&Signature=nRzATzuonfzOy2xjaMUQLy9wVvKF5VFjXlLBnEd26yfKCF9AIlWP3jqYA3EplCabiYyhBdM4brM%2F0atWzAUsT94DgLL4OZNlAQuCs97UTlvYU9MkSuNWsPc2jnRklC9Y2WiBWTJ4fBC7196%2FwwhlXA6fl63oEk8OJWYCx4ia3rkygxPAl0sCDYMsEHbBOJoP%2BB0z0sELEpAkOem%2BGMAvfdytXz%2F%2BzKfQKJ8FoUvXf5K7D8SobCtClygGMnBWzY6X2t9hSQ9Uy7NRfbcKSpGpHColpVCWttNA0fyUexjvDHG4R8KimkWYg8uxdtJ%2BjvU%2B6F5W2xj9e2rB31G9AgaI5A%3D%3D","environmentVariables":{"FIREBASE_CONFIG":"{\"projectId\":\"ajudanatask\",\"databaseURL\":\"https://ajudanatask-default-rtdb.firebaseio.com\",\"storageBucket\":\"ajudanatask.appspot.com\"}","GCLOUD_PROJECT":"ajudanatask","EVENTARC_CLOUD_EVENT_SOURCE":"projects/ajudanatask/locations/us-central1/functions/sendHttpPushNotification"},"runtime":"nodejs18","buildId":"55ab9a50-4dfa-4a75-8f30-97e2c6607e2f","buildEnvironmentVariables":{"GOOGLE_NODE_RUN_SCRIPTS":""},"buildName":"projects/787373189488/locations/us-central1/builds/55ab9a50-4dfa-4a75-8f30-97e2c6607e2f","dockerRegistry":"ARTIFACT_REGISTRY","automaticUpdatePolicy":{}},"versionId":"5","updateTime":"2024-07-11T02:38:03Z","buildId":"ba5e0cc4-d122-4df8-b0d4-b31c39a003c4","sourceToken":"b7d2d6d7-9a39-458d-8ddf-9c95d2b24613","buildName":"projects/787373189488/locations/us-central1/builds/ba5e0cc4-d122-4df8-b0d4-b31c39a003c4"}}
[debug] [2024-07-11T02:38:54.394Z] Got source token b7d2d6d7-9a39-458d-8ddf-9c95d2b24613 for region us-central1
[debug] [2024-07-11T02:39:04.399Z] [update-default-us-central1-sendHttpPushNotification] Retrying task index 0
[debug] [2024-07-11T02:39:04.399Z] >>> [apiv2][query] GET https://cloudfunctions.googleapis.com/v1/operations/YWp1ZGFuYXRhc2svdXMtY2VudHJhbDEvc2VuZEh0dHBQdXNoTm90aWZpY2F0aW9uL3g0V2t3akFpMHBF [none]
[debug] [2024-07-11T02:39:05.100Z] <<< [apiv2][status] GET https://cloudfunctions.googleapis.com/v1/operations/YWp1ZGFuYXRhc2svdXMtY2VudHJhbDEvc2VuZEh0dHBQdXNoTm90aWZpY2F0aW9uL3g0V2t3akFpMHBF 200
[debug] [2024-07-11T02:39:05.100Z] <<< [apiv2][body] GET https://cloudfunctions.googleapis.com/v1/operations/YWp1ZGFuYXRhc2svdXMtY2VudHJhbDEvc2VuZEh0dHBQdXNoTm90aWZpY2F0aW9uL3g0V2t3akFpMHBF {"name":"operations/YWp1ZGFuYXRhc2svdXMtY2VudHJhbDEvc2VuZEh0dHBQdXNoTm90aWZpY2F0aW9uL3g0V2t3akFpMHBF","metadata":{"@type":"type.googleapis.com/google.cloud.functions.v1.OperationMetadataV1","target":"projects/ajudanatask/locations/us-central1/functions/sendHttpPushNotification","type":"UPDATE_FUNCTION","request":{"@type":"type.googleapis.com/google.cloud.functions.v1.CloudFunction","name":"projects/ajudanatask/locations/us-central1/functions/sendHttpPushNotification","httpsTrigger":{"url":"https://us-central1-ajudanatask.cloudfunctions.net/sendHttpPushNotification","securityLevel":"SECURE_ALWAYS"},"status":"ACTIVE","entryPoint":"sendHttpPushNotification","updateTime":"2024-07-11T02:30:32.917Z","versionId":"4","labels":{"deployment-tool":"cli-firebase","firebase-functions-hash":"4277950e0c0f881de57e4cb9150add76a3c25c6d"},"sourceUploadUrl":"https://storage.googleapis.com/uploads-602486154629.us-central1.cloudfunctions.appspot.com/bb04b69d-52e5-41e6-adf5-10ae28ae8c50.zip?GoogleAccessId=service-787373189488@gcf-admin-robot.iam.gserviceaccount.com&Expires=1720667281&Signature=nRzATzuonfzOy2xjaMUQLy9wVvKF5VFjXlLBnEd26yfKCF9AIlWP3jqYA3EplCabiYyhBdM4brM%2F0atWzAUsT94DgLL4OZNlAQuCs97UTlvYU9MkSuNWsPc2jnRklC9Y2WiBWTJ4fBC7196%2FwwhlXA6fl63oEk8OJWYCx4ia3rkygxPAl0sCDYMsEHbBOJoP%2BB0z0sELEpAkOem%2BGMAvfdytXz%2F%2BzKfQKJ8FoUvXf5K7D8SobCtClygGMnBWzY6X2t9hSQ9Uy7NRfbcKSpGpHColpVCWttNA0fyUexjvDHG4R8KimkWYg8uxdtJ%2BjvU%2B6F5W2xj9e2rB31G9AgaI5A%3D%3D","environmentVariables":{"FIREBASE_CONFIG":"{\"projectId\":\"ajudanatask\",\"databaseURL\":\"https://ajudanatask-default-rtdb.firebaseio.com\",\"storageBucket\":\"ajudanatask.appspot.com\"}","GCLOUD_PROJECT":"ajudanatask","EVENTARC_CLOUD_EVENT_SOURCE":"projects/ajudanatask/locations/us-central1/functions/sendHttpPushNotification"},"runtime":"nodejs18","buildId":"55ab9a50-4dfa-4a75-8f30-97e2c6607e2f","buildEnvironmentVariables":{"GOOGLE_NODE_RUN_SCRIPTS":""},"buildName":"projects/787373189488/locations/us-central1/builds/55ab9a50-4dfa-4a75-8f30-97e2c6607e2f","dockerRegistry":"ARTIFACT_REGISTRY","automaticUpdatePolicy":{}},"versionId":"5","updateTime":"2024-07-11T02:38:59Z","buildId":"ba5e0cc4-d122-4df8-b0d4-b31c39a003c4","sourceToken":"b7d2d6d7-9a39-458d-8ddf-9c95d2b24613","buildName":"projects/787373189488/locations/us-central1/builds/ba5e0cc4-d122-4df8-b0d4-b31c39a003c4"},"done":true,"response":{"@type":"type.googleapis.com/google.cloud.functions.v1.CloudFunction","name":"projects/ajudanatask/locations/us-central1/functions/sendHttpPushNotification","httpsTrigger":{"url":"https://us-central1-ajudanatask.cloudfunctions.net/sendHttpPushNotification","securityLevel":"SECURE_ALWAYS"},"status":"ACTIVE","entryPoint":"sendHttpPushNotification","timeout":"60s","availableMemoryMb":256,"serviceAccountEmail":"ajudanatask@appspot.gserviceaccount.com","updateTime":"2024-07-11T02:38:59.536Z","versionId":"5","labels":{"deployment-tool":"cli-firebase","firebase-functions-hash":"4277950e0c0f881de57e4cb9150add76a3c25c6d"},"sourceUploadUrl":"https://storage.googleapis.com/uploads-602486154629.us-central1.cloudfunctions.appspot.com/bb04b69d-52e5-41e6-adf5-10ae28ae8c50.zip","environmentVariables":{"FIREBASE_CONFIG":"{\"projectId\":\"ajudanatask\",\"databaseURL\":\"https://ajudanatask-default-rtdb.firebaseio.com\",\"storageBucket\":\"ajudanatask.appspot.com\"}","GCLOUD_PROJECT":"ajudanatask","EVENTARC_CLOUD_EVENT_SOURCE":"projects/ajudanatask/locations/us-central1/functions/sendHttpPushNotification"},"runtime":"nodejs18","ingressSettings":"ALLOW_ALL","buildId":"ba5e0cc4-d122-4df8-b0d4-b31c39a003c4","buildEnvironmentVariables":{"GOOGLE_NODE_RUN_SCRIPTS":""},"buildName":"projects/787373189488/locations/us-central1/builds/ba5e0cc4-d122-4df8-b0d4-b31c39a003c4","dockerRegistry":"ARTIFACT_REGISTRY","automaticUpdatePolicy":{}}}
[debug] [2024-07-11T02:39:05.100Z] Got source token b7d2d6d7-9a39-458d-8ddf-9c95d2b24613 for region us-central1
[info] +  functions[sendHttpPushNotification(us-central1)] Successful update operation. 
[debug] [2024-07-11T02:39:05.104Z] Total Function Deployment time: 62828
[debug] [2024-07-11T02:39:05.104Z] 2 Functions Deployed
[debug] [2024-07-11T02:39:05.104Z] 1 Functions Errored
[debug] [2024-07-11T02:39:05.104Z] 0 Function Deployments Aborted
[debug] [2024-07-11T02:39:05.104Z] Average Function Deployment time: 52435
[info] 
[info] Functions deploy had errors with the following functions:
	sendListenerPushNotification(us-central1)
[info] Function URL (sendHttpPushNotification(us-central1)): https://us-central1-ajudanatask.cloudfunctions.net/sendHttpPushNotification
[info] i  functions: cleaning up build files... 
[debug] [2024-07-11T02:39:05.368Z] >>> [apiv2][query] DELETE https://artifactregistry.googleapis.com/v1beta2/projects/ajudanatask/locations/us-central1/repositories/gcf-artifacts/packages/send_http_push_notification [none]
[debug] [2024-07-11T02:39:05.369Z] >>> [apiv2][query] DELETE https://artifactregistry.googleapis.com/v1beta2/projects/ajudanatask/locations/us-central1/repositories/gcf-artifacts/packages/send_listener_push_notification [none]
[debug] [2024-07-11T02:39:05.369Z] >>> [apiv2][query] GET https://us.gcr.io/v2/ajudanatask/gcf/us-central1/tags/list [none]
[debug] [2024-07-11T02:39:06.549Z] <<< [apiv2][status] DELETE https://artifactregistry.googleapis.com/v1beta2/projects/ajudanatask/locations/us-central1/repositories/gcf-artifacts/packages/send_http_push_notification 200
[debug] [2024-07-11T02:39:06.549Z] <<< [apiv2][body] DELETE https://artifactregistry.googleapis.com/v1beta2/projects/ajudanatask/locations/us-central1/repositories/gcf-artifacts/packages/send_http_push_notification {"name":"projects/ajudanatask/locations/us-central1/operations/dfa05c99-1eba-4f61-8131-dcbf3fa7cb1d","metadata":{"@type":"type.googleapis.com/google.devtools.artifactregistry.v1beta2.OperationMetadata"}}
[debug] [2024-07-11T02:39:06.549Z] >>> [apiv2][query] GET https://artifactregistry.googleapis.com/v1beta2/projects/ajudanatask/locations/us-central1/operations/dfa05c99-1eba-4f61-8131-dcbf3fa7cb1d [none]
[debug] [2024-07-11T02:39:06.550Z] <<< [apiv2][status] DELETE https://artifactregistry.googleapis.com/v1beta2/projects/ajudanatask/locations/us-central1/repositories/gcf-artifacts/packages/send_listener_push_notification 404
[debug] [2024-07-11T02:39:06.550Z] <<< [apiv2][body] DELETE https://artifactregistry.googleapis.com/v1beta2/projects/ajudanatask/locations/us-central1/repositories/gcf-artifacts/packages/send_listener_push_notification {"error":{"code":404,"message":"Package \"projects/ajudanatask/locations/us-central1/repositories/gcf-artifacts/packages/send_listener_push_notification\" was not found.","status":"NOT_FOUND"}}
[debug] [2024-07-11T02:39:06.724Z] <<< [apiv2][status] GET https://us.gcr.io/v2/ajudanatask/gcf/us-central1/tags/list 404
[debug] [2024-07-11T02:39:06.724Z] <<< [apiv2][body] GET https://us.gcr.io/v2/ajudanatask/gcf/us-central1/tags/list {"errors":[{"code":"NAME_UNKNOWN","message":"Repository \"us.gcr.io\" not found"}]}
[debug] [2024-07-11T02:39:06.724Z] Failed docker command with error  HTTP Error: 404, Not Found {"name":"FirebaseError","children":[],"context":{"body":{"errors":[{"code":"NAME_UNKNOWN","message":"Repository \"us.gcr.io\" not found"}],"error":{"message":"Not Found"}},"response":{"statusCode":404}},"exit":1,"message":"HTTP Error: 404, Not Found","status":404}
[debug] [2024-07-11T02:39:06.729Z] >>> [apiv2][query] GET https://us.gcr.io/v2/ajudanatask/gcf/us-central1/tags/list [none]
[debug] [2024-07-11T02:39:07.064Z] <<< [apiv2][status] GET https://us.gcr.io/v2/ajudanatask/gcf/us-central1/tags/list 404
[debug] [2024-07-11T02:39:07.064Z] <<< [apiv2][body] GET https://us.gcr.io/v2/ajudanatask/gcf/us-central1/tags/list {"errors":[{"code":"NAME_UNKNOWN","message":"Repository \"us.gcr.io\" not found"}]}
[debug] [2024-07-11T02:39:07.065Z] Failed docker command with error  HTTP Error: 404, Not Found {"name":"FirebaseError","children":[],"context":{"body":{"errors":[{"code":"NAME_UNKNOWN","message":"Repository \"us.gcr.io\" not found"}],"error":{"message":"Not Found"}},"response":{"statusCode":404}},"exit":1,"message":"HTTP Error: 404, Not Found","status":404}
[debug] [2024-07-11T02:39:07.173Z] >>> [apiv2][query] GET https://us.gcr.io/v2/ajudanatask/gcf/us-central1/tags/list [none]
[debug] [2024-07-11T02:39:07.496Z] <<< [apiv2][status] GET https://artifactregistry.googleapis.com/v1beta2/projects/ajudanatask/locations/us-central1/operations/dfa05c99-1eba-4f61-8131-dcbf3fa7cb1d 200
[debug] [2024-07-11T02:39:07.496Z] <<< [apiv2][body] GET https://artifactregistry.googleapis.com/v1beta2/projects/ajudanatask/locations/us-central1/operations/dfa05c99-1eba-4f61-8131-dcbf3fa7cb1d {"name":"projects/ajudanatask/locations/us-central1/operations/dfa05c99-1eba-4f61-8131-dcbf3fa7cb1d","metadata":{"@type":"type.googleapis.com/google.devtools.artifactregistry.v1beta2.OperationMetadata"},"done":true,"response":{"@type":"type.googleapis.com/google.protobuf.Empty"}}
[debug] [2024-07-11T02:39:07.723Z] <<< [apiv2][status] GET https://us.gcr.io/v2/ajudanatask/gcf/us-central1/tags/list 404
[debug] [2024-07-11T02:39:07.723Z] <<< [apiv2][body] GET https://us.gcr.io/v2/ajudanatask/gcf/us-central1/tags/list {"errors":[{"code":"NAME_UNKNOWN","message":"Repository \"us.gcr.io\" not found"}]}
[debug] [2024-07-11T02:39:07.723Z] Failed docker command with error  HTTP Error: 404, Not Found {"name":"FirebaseError","children":[],"context":{"body":{"errors":[{"code":"NAME_UNKNOWN","message":"Repository \"us.gcr.io\" not found"}],"error":{"message":"Not Found"}},"response":{"statusCode":404}},"exit":1,"message":"HTTP Error: 404, Not Found","status":404}
[warn] !  functions: Unhandled error cleaning up build images. This could result in a small monthly bill if not corrected. You can attempt to delete these images by redeploying or you can delete them manually at https://console.cloud.google.com/gcr/images/ajudanatask/us/gcf 
[debug] [2024-07-11T02:39:07.724Z] Functions deploy failed.
[debug] [2024-07-11T02:39:07.724Z] {
  "endpoint": {
    "id": "sendListenerPushNotification",
    "project": "ajudanatask",
    "region": "us-central1",
    "entryPoint": "sendListenerPushNotification",
    "platform": "gcfv1",
    "runtime": "nodejs18",
    "eventTrigger": {
      "eventType": "providers/cloud.firestore/eventTypes/document.write",
      "retry": false,
      "eventFilters": {
        "resource": "projects/ajudanatask/databases/(default)/documents/FCMTokens"
      }
    },
    "labels": {
      "deployment-tool": "cli-firebase"
    },
    "ingressSettings": null,
    "availableMemoryMb": null,
    "serviceAccount": null,
    "timeoutSeconds": null,
    "maxInstances": null,
    "minInstances": null,
    "vpc": null,
    "environmentVariables": {
      "FIREBASE_CONFIG": "{\"projectId\":\"ajudanatask\",\"databaseURL\":\"https://ajudanatask-default-rtdb.firebaseio.com\",\"storageBucket\":\"ajudanatask.appspot.com\"}",
      "GCLOUD_PROJECT": "ajudanatask",
      "EVENTARC_CLOUD_EVENT_SOURCE": "projects/ajudanatask/locations/us-central1/functions/sendListenerPushNotification"
    },
    "codebase": "default",
    "securityLevel": "SECURE_ALWAYS",
    "targetedByOnly": false,
    "hash": "4277950e0c0f881de57e4cb9150add76a3c25c6d"
  },
  "op": "update",
  "original": {
    "name": "FirebaseError",
    "children": [],
    "context": {
      "function": "projects/ajudanatask/locations/us-central1/functions/sendListenerPushNotification"
    },
    "exit": 1,
    "message": "Failed to update function projects/ajudanatask/locations/us-central1/functions/sendListenerPushNotification",
    "original": {
      "name": "FirebaseError",
      "children": [],
      "context": {
        "body": {
          "error": {
            "code": 400,
            "message": "event_trigger: Expected value FCMTokens to match regular expression [^/]+/[^/]+(/[^/]+/[^/]+)*",
            "status": "INVALID_ARGUMENT",
            "details": [
              {
                "@type": "type.googleapis.com/google.rpc.BadRequest",
                "fieldViolations": [
                  {
                    "field": "event_trigger",
                    "description": "Expected value FCMTokens to match regular expression [^/]+/[^/]+(/[^/]+/[^/]+)*"
                  }
                ]
              }
            ]
          }
        },
        "response": {
          "statusCode": 400
        }
      },
      "exit": 1,
      "message": "HTTP Error: 400, event_trigger: Expected value FCMTokens to match regular expression [^/]+/[^/]+(/[^/]+/[^/]+)*",
      "status": 400
    },
    "status": 400,
    "code": 400
  }
}
[debug] [2024-07-11T02:39:07.816Z] Error: Failed to update function sendListenerPushNotification in region us-central1
    at C:\Users\Lara\AppData\Roaming\npm\node_modules\firebase-tools\lib\deploy\functions\release\fabricator.js:52:11
    at process.processTicksAndRejections (node:internal/process/task_queues:95:5)
    at async Fabricator.updateV1Function (C:\Users\Lara\AppData\Roaming\npm\node_modules\firebase-tools\lib\deploy\functions\release\fabricator.js:352:32)
    at async Fabricator.updateEndpoint (C:\Users\Lara\AppData\Roaming\npm\node_modules\firebase-tools\lib\deploy\functions\release\fabricator.js:152:13)
    at async handle (C:\Users\Lara\AppData\Roaming\npm\node_modules\firebase-tools\lib\deploy\functions\release\fabricator.js:89:17)
[error] 
[error] Error: There was an error deploying functions
